<?xml version="1.0" encoding="UTF-8"?>
<testsuite name="se.kry.codetest.TestMainVerticle" tests="1" skipped="0" failures="0" errors="0" timestamp="2019-10-10T20:02:45" hostname="proaudit.fritz.box" time="1.025">
  <properties/>
  <testcase name="Start a web server on localhost responding to path /service on port 8080" classname="se.kry.codetest.TestMainVerticle" time="1.025"/>
  <system-out><![CDATA[KRY code test service started
]]></system-out>
  <system-err><![CDATA[Oct 10, 2019 10:02:45 PM com.mchange.v2.log.MLog 
INFO: MLog clients using java 1.4+ standard logging.
Oct 10, 2019 10:02:46 PM com.mchange.v2.c3p0.C3P0Registry 
INFO: Initializing c3p0-0.9.5.2 [built 08-December-2015 22:06:04 -0800; debug? true; trace: 10]
]]></system-err>
</testsuite>
